{"total": {"lines":{"total":282,"covered":268,"skipped":0,"pct":95.03},"statements":{"total":307,"covered":287,"skipped":0,"pct":93.48},"functions":{"total":87,"covered":87,"skipped":0,"pct":100},"branches":{"total":215,"covered":170,"skipped":0,"pct":79.06},"branchesTrue":{"total":0,"covered":0,"skipped":0,"pct":100}}
,"/home/runner/work/zod-mongoose/zod-mongoose/src/extension.ts": {"lines":{"total":83,"covered":81,"skipped":0,"pct":97.59},"functions":{"total":18,"covered":18,"skipped":0,"pct":100},"statements":{"total":90,"covered":86,"skipped":0,"pct":95.55},"branches":{"total":27,"covered":21,"skipped":0,"pct":77.77}}
,"/home/runner/work/zod-mongoose/zod-mongoose/src/index.ts": {"lines":{"total":134,"covered":122,"skipped":0,"pct":91.04},"functions":{"total":17,"covered":17,"skipped":0,"pct":100},"statements":{"total":147,"covered":131,"skipped":0,"pct":89.11},"branches":{"total":130,"covered":92,"skipped":0,"pct":70.76}}
,"/home/runner/work/zod-mongoose/zod-mongoose/src/assertions/assertions.ts": {"lines":{"total":11,"covered":11,"skipped":0,"pct":100},"functions":{"total":4,"covered":4,"skipped":0,"pct":100},"statements":{"total":13,"covered":13,"skipped":0,"pct":100},"branches":{"total":0,"covered":0,"skipped":0,"pct":100}}
,"/home/runner/work/zod-mongoose/zod-mongoose/src/assertions/constructor.ts": {"lines":{"total":16,"covered":16,"skipped":0,"pct":100},"functions":{"total":15,"covered":15,"skipped":0,"pct":100},"statements":{"total":17,"covered":17,"skipped":0,"pct":100},"branches":{"total":2,"covered":2,"skipped":0,"pct":100}}
,"/home/runner/work/zod-mongoose/zod-mongoose/src/assertions/custom.ts": {"lines":{"total":5,"covered":5,"skipped":0,"pct":100},"functions":{"total":3,"covered":3,"skipped":0,"pct":100},"statements":{"total":5,"covered":5,"skipped":0,"pct":100},"branches":{"total":8,"covered":8,"skipped":0,"pct":100}}
,"/home/runner/work/zod-mongoose/zod-mongoose/src/assertions/instanceOf.ts": {"lines":{"total":17,"covered":17,"skipped":0,"pct":100},"functions":{"total":15,"covered":15,"skipped":0,"pct":100},"statements":{"total":18,"covered":18,"skipped":0,"pct":100},"branches":{"total":2,"covered":2,"skipped":0,"pct":100}}
,"/home/runner/work/zod-mongoose/zod-mongoose/src/assertions/staticNames.ts": {"lines":{"total":16,"covered":16,"skipped":0,"pct":100},"functions":{"total":15,"covered":15,"skipped":0,"pct":100},"statements":{"total":17,"covered":17,"skipped":0,"pct":100},"branches":{"total":46,"covered":45,"skipped":0,"pct":97.82}}
}
