{"total": {"lines":{"total":240,"covered":220,"skipped":0,"pct":91.66},"statements":{"total":262,"covered":234,"skipped":0,"pct":89.31},"functions":{"total":85,"covered":84,"skipped":0,"pct":98.82},"branches":{"total":159,"covered":115,"skipped":0,"pct":72.32},"branchesTrue":{"total":0,"covered":0,"skipped":0,"pct":100}}
,"/home/runner/work/zod-mongoose/zod-mongoose/src/extension.ts": {"lines":{"total":65,"covered":58,"skipped":0,"pct":89.23},"functions":{"total":17,"covered":16,"skipped":0,"pct":94.11},"statements":{"total":70,"covered":60,"skipped":0,"pct":85.71},"branches":{"total":11,"covered":6,"skipped":0,"pct":54.54}}
,"/home/runner/work/zod-mongoose/zod-mongoose/src/index.ts": {"lines":{"total":110,"covered":97,"skipped":0,"pct":88.18},"functions":{"total":16,"covered":16,"skipped":0,"pct":100},"statements":{"total":122,"covered":104,"skipped":0,"pct":85.24},"branches":{"total":90,"covered":52,"skipped":0,"pct":57.77}}
,"/home/runner/work/zod-mongoose/zod-mongoose/src/assertions/assertions.ts": {"lines":{"total":11,"covered":11,"skipped":0,"pct":100},"functions":{"total":4,"covered":4,"skipped":0,"pct":100},"statements":{"total":13,"covered":13,"skipped":0,"pct":100},"branches":{"total":0,"covered":0,"skipped":0,"pct":100}}
,"/home/runner/work/zod-mongoose/zod-mongoose/src/assertions/constructor.ts": {"lines":{"total":16,"covered":16,"skipped":0,"pct":100},"functions":{"total":15,"covered":15,"skipped":0,"pct":100},"statements":{"total":17,"covered":17,"skipped":0,"pct":100},"branches":{"total":2,"covered":2,"skipped":0,"pct":100}}
,"/home/runner/work/zod-mongoose/zod-mongoose/src/assertions/custom.ts": {"lines":{"total":5,"covered":5,"skipped":0,"pct":100},"functions":{"total":3,"covered":3,"skipped":0,"pct":100},"statements":{"total":5,"covered":5,"skipped":0,"pct":100},"branches":{"total":8,"covered":8,"skipped":0,"pct":100}}
,"/home/runner/work/zod-mongoose/zod-mongoose/src/assertions/instanceOf.ts": {"lines":{"total":17,"covered":17,"skipped":0,"pct":100},"functions":{"total":15,"covered":15,"skipped":0,"pct":100},"statements":{"total":18,"covered":18,"skipped":0,"pct":100},"branches":{"total":2,"covered":2,"skipped":0,"pct":100}}
,"/home/runner/work/zod-mongoose/zod-mongoose/src/assertions/staticNames.ts": {"lines":{"total":16,"covered":16,"skipped":0,"pct":100},"functions":{"total":15,"covered":15,"skipped":0,"pct":100},"statements":{"total":17,"covered":17,"skipped":0,"pct":100},"branches":{"total":46,"covered":45,"skipped":0,"pct":97.82}}
}
